<?xml version="1.0" encoding="UTF-8"?>
<!-- Generated by org.testng.reporters.JUnitReportReporter -->
<testsuite hostname="Vinits-MacBook-Pro.local" failures="0" tests="1" name="bppFlows.BppLogin" time="76.500" errors="0" timestamp="2024-12-11T19:06:48 IST" skipped="0">
  <testcase classname="bppFlows.BppLogin" name="bppLoginFlow" time="76.500"/>
  <system-out/>
</testsuite> <!-- bppFlows.BppLogin -->
