<?xml version="1.0" encoding="UTF-8"?>
<!-- Generated by org.testng.reporters.JUnitReportReporter -->
<testsuite hostname="Vinits-MacBook-Pro.local" failures="0" tests="1" name="baseClass.BaseClass" time="240.928" errors="0" timestamp="2024-12-11T18:29:06 IST" skipped="0">
  <testcase classname="baseClass.BaseClass" name="runTest" time="240.928"/>
  <system-out/>
</testsuite> <!-- baseClass.BaseClass -->
