<?xml version="1.0" encoding="UTF-8"?>
<!-- Generated by org.testng.reporters.JUnitReportReporter -->
<testsuite hostname="Vinits-MacBook-Pro.local" failures="0" tests="1" name="bapFlows.BapLogin" time="2.753" errors="0" timestamp="2024-12-15T00:56:00 IST" skipped="0">
  <testcase classname="bapFlows.BapLogin" name="bapLoginFlow" time="2.753"/>
</testsuite> <!-- bapFlows.BapLogin -->
